[12:18:5.319] Global cache location '/home/malachi/.cache/typescript/4.0', safe file path '/usr/lib/node_modules/typescript/lib/typingSafeList.json', types map path /usr/lib/node_modules/typescript/lib/typesMap.json
[12:18:5.319] Processing cache location '/home/malachi/.cache/typescript/4.0'
[12:18:5.319] Trying to find '/home/malachi/.cache/typescript/4.0/package.json'...
[12:18:5.321] Loaded content of '/home/malachi/.cache/typescript/4.0/package.json': {"private":true,"dependencies":{"types-registry":"^0.1.513"},"devDependencies":{"@types/body-parser":"^1.19.0","@types/bson":"^4.0.3","@types/d":"^1.0.0","@types/eslint":"^7.2.4","@types/express":"^4.17.8","@types/history":"^4.7.8","@types/hoist-non-react-statics":"^3.3.1","@types/isarray":"^2.0.0","@types/merge-descriptors":"^1.0.1","@types/mongodb":"^3.5.32","@types/mongoose":"^5.7.36","@types/node":"^14.14.0","@types/nodemon":"^1.19.0","@types/object-assign":"^4.0.30","@types/prop-types":"^15.7.3","@types/react":"^16.9.53","@types/react-dom":"^16.9.8","@types/react-is":"^16.7.1","@types/react-router":"^5.1.8","@types/react-router-dom":"^5.1.6","@types/scheduler":"^0.16.1","@types/serve-static":"^1.13.6","@types/shallowequal":"^1.1.1","@types/sprintf":"^0.1.0","@types/styled-components":"^5.1.4"}}
[12:18:5.321] Loaded content of '/home/malachi/.cache/typescript/4.0/package-lock.json'
[12:18:5.330] Adding entry into typings cache: 'body-parser' => '/home/malachi/.cache/typescript/4.0/node_modules/@types/body-parser/index.d.ts'
[12:18:5.333] Adding entry into typings cache: 'bson' => '/home/malachi/.cache/typescript/4.0/node_modules/@types/bson/index.d.ts'
[12:18:5.335] Adding entry into typings cache: 'd' => '/home/malachi/.cache/typescript/4.0/node_modules/@types/d/index.d.ts'
[12:18:5.337] Adding entry into typings cache: 'eslint' => '/home/malachi/.cache/typescript/4.0/node_modules/@types/eslint/index.d.ts'
[12:18:5.340] Adding entry into typings cache: 'express' => '/home/malachi/.cache/typescript/4.0/node_modules/@types/express/index.d.ts'
[12:18:5.343] Adding entry into typings cache: 'history' => '/home/malachi/.cache/typescript/4.0/node_modules/@types/history/index.d.ts'
[12:18:5.348] Adding entry into typings cache: 'hoist-non-react-statics' => '/home/malachi/.cache/typescript/4.0/node_modules/@types/hoist-non-react-statics/index.d.ts'
[12:18:5.351] Adding entry into typings cache: 'isarray' => '/home/malachi/.cache/typescript/4.0/node_modules/@types/isarray/index.d.ts'
[12:18:5.353] Adding entry into typings cache: 'merge-descriptors' => '/home/malachi/.cache/typescript/4.0/node_modules/@types/merge-descriptors/index.d.ts'
[12:18:5.357] Adding entry into typings cache: 'mongodb' => '/home/malachi/.cache/typescript/4.0/node_modules/@types/mongodb/index.d.ts'
[12:18:5.362] Adding entry into typings cache: 'mongoose' => '/home/malachi/.cache/typescript/4.0/node_modules/@types/mongoose/index.d.ts'
[12:18:5.368] Adding entry into typings cache: 'node' => '/home/malachi/.cache/typescript/4.0/node_modules/@types/node/index.d.ts'
[12:18:5.369] Adding entry into typings cache: 'nodemon' => '/home/malachi/.cache/typescript/4.0/node_modules/@types/nodemon/index.d.ts'
[12:18:5.371] Adding entry into typings cache: 'object-assign' => '/home/malachi/.cache/typescript/4.0/node_modules/@types/object-assign/index.d.ts'
[12:18:5.372] Adding entry into typings cache: 'prop-types' => '/home/malachi/.cache/typescript/4.0/node_modules/@types/prop-types/index.d.ts'
[12:18:5.375] Adding entry into typings cache: 'react' => '/home/malachi/.cache/typescript/4.0/node_modules/@types/react/index.d.ts'
[12:18:5.379] Adding entry into typings cache: 'react-dom' => '/home/malachi/.cache/typescript/4.0/node_modules/@types/react-dom/index.d.ts'
[12:18:5.383] Adding entry into typings cache: 'react-is' => '/home/malachi/.cache/typescript/4.0/node_modules/@types/react-is/index.d.ts'
[12:18:5.386] Adding entry into typings cache: 'react-router' => '/home/malachi/.cache/typescript/4.0/node_modules/@types/react-router/index.d.ts'
[12:18:5.388] Adding entry into typings cache: 'react-router-dom' => '/home/malachi/.cache/typescript/4.0/node_modules/@types/react-router-dom/index.d.ts'
[12:18:5.391] Adding entry into typings cache: 'scheduler' => '/home/malachi/.cache/typescript/4.0/node_modules/@types/scheduler/index.d.ts'
[12:18:5.393] Adding entry into typings cache: 'serve-static' => '/home/malachi/.cache/typescript/4.0/node_modules/@types/serve-static/index.d.ts'
[12:18:5.396] Adding entry into typings cache: 'shallowequal' => '/home/malachi/.cache/typescript/4.0/node_modules/@types/shallowequal/index.d.ts'
[12:18:5.398] Adding entry into typings cache: 'sprintf' => '/home/malachi/.cache/typescript/4.0/node_modules/@types/sprintf/index.d.ts'
[12:18:5.402] Adding entry into typings cache: 'styled-components' => '/home/malachi/.cache/typescript/4.0/node_modules/@types/styled-components/index.d.ts'
[12:18:5.402] Finished processing cache location '/home/malachi/.cache/typescript/4.0'
[12:18:5.402] Process id: 320865
[12:18:5.402] NPM location: /usr/bin/npm (explicit '--npmLocation' not  provided)
[12:18:5.403] validateDefaultNpmLocation: false
[12:18:5.403] Npm config file: /home/malachi/.cache/typescript/4.0/package.json
[12:18:5.403] Updating types-registry npm package...
[12:18:5.403] Exec: /usr/bin/npm install --ignore-scripts types-registry@latest
[12:18:8.484]     Succeeded. stdout:
    + types-registry@0.1.514
    updated 1 package and audited 41 packages in 2.53s
found 0 vulnerabilities


[12:18:8.484] Updated types-registry npm package
[12:18:8.508] Got install request {"projectName":"/dev/null/inferredProject1*","fileNames":["/usr/lib/node_modules/typescript/lib/lib.d.ts","/usr/lib/node_modules/typescript/lib/lib.es5.d.ts","/usr/lib/node_modules/typescript/lib/lib.dom.d.ts","/usr/lib/node_modules/typescript/lib/lib.webworker.importscripts.d.ts","/usr/lib/node_modules/typescript/lib/lib.scripthost.d.ts","/home/malachi/dotfiles/react/App.js"],"compilerOptions":{"target":1,"jsx":1,"allowNonTsExtensions":true,"allowJs":true,"noEmitForJsFiles":true,"maxNodeModuleJsDepth":2},"typeAcquisition":{"enable":true,"include":[],"exclude":[]},"unresolvedImports":[],"projectRootPath":"/home/malachi/dotfiles/react","kind":"discover"}
[12:18:8.542] Loaded safelist from types map file '/usr/lib/node_modules/typescript/lib/typesMap.json'
[12:18:8.543] Explicitly included types: []
[12:18:8.545] Inferred typings from unresolved imports: []
[12:18:8.545] Result: {"cachedTypingPaths":[],"newTypingNames":[],"filesToWatch":["/home/malachi/dotfiles/react/bower_components","/home/malachi/dotfiles/react/node_modules"]}
[12:18:8.545] Finished typings discovery: {"cachedTypingPaths":[],"newTypingNames":[],"filesToWatch":["/home/malachi/dotfiles/react/bower_components","/home/malachi/dotfiles/react/node_modules"]}
[12:18:8.545] DirectoryWatcher:: Added:: WatchInfo: /home/malachi/dotfiles/react/bower_components
[12:18:8.548] DirectoryWatcher:: Added:: WatchInfo: /home/malachi/dotfiles/react/node_modules
[12:18:8.548] Sending response:
    {"projectName":"/dev/null/inferredProject1*","typeAcquisition":{"enable":true,"include":[],"exclude":[]},"compilerOptions":{"target":1,"jsx":1,"allowNonTsExtensions":true,"allowJs":true,"noEmitForJsFiles":true,"maxNodeModuleJsDepth":2},"typings":[],"unresolvedImports":[],"kind":"action::set"}
[12:18:8.549] Response has been sent.
[12:18:8.549] No new typings were requested as a result of typings discovery
